********************************************************************************
DUPLICATOR-LITE PACKAGE-LOG: July 19, 2023 4:33 am
NOTICE: Do NOT post to public sites or forums 
********************************************************************************
VERSION:	1.5.5
WORDPRESS:	6.2.2
PHP INFO:	8.1.17 | SAPI: apache2handler
SERVER:		Apache/2.4.56 (Win64) OpenSSL/1.1.1t PHP/8.1.17 
PHP TIME LIMIT: (0) no time limit imposed 
PHP MAX MEMORY: 4294967296 (512M default) 
MEMORY STACK: 70MB

********************************************************************************
DATABASE:
********************************************************************************
BUILD MODE:   MYSQLDUMP
MYSQLTIMEOUT: 5000
MYSQLDUMP:    Is Supported
SQL CREATED: 20230717_keithloguefuneral_53d9078274b23f9f6752_20230719043328_database.sql
SQL FILE SIZE: 3.8MB (3986573)
SQL FILE TIME: 2023-07-19 04:33:57
SQL RUNTIME: 11.85 sec.

********************************************************************************
ARCHIVE (ZIP):
********************************************************************************
ARCHIVE DIR:  D:/xampp/htdocs/Wordpress
ARCHIVE FILE: 20230717_keithloguefuneral_53d9078274b23f9f6752_20230719043328_archive.zip
FILTERS: *ON*
DIRS:
	D:/xampp/htdocs/Wordpress/wp-content/plugins/elementor/assets/js/packages
	D:/xampp/htdocs/Wordpress/wp-content/uploads/2023/07
FILES:
	not set
EXTS:  not set
----------------------------------------
COMPRESSING
SIZE:	146.53MB
STATS:	Dirs 1,600 | Files 7,621
SQL ADDED: 20230717_keithloguefuneral_53d9078274b23f9f6752_20230719043328_database.sql
ZipArchive Object
(
    [lastId] => 9220
    [status] => 0
    [statusSys] => 0
    [numFiles] => 9221
    [filename] => D:\xampp\htdocs\Wordpress\wp-content\backups-dup-lite\tmp\20230717_keithloguefuneral_53d9078274b23f9f6752_20230719043328_archive.zip
    [comment] => 
)

FILE ADDED TO ZIP: 9220
COMPRESSION RESULT: '1'
COMPRESSED SIZE: 47.11MB
ARCHIVE RUNTIME: 75.65 sec.
MEMORY STACK: 72MB
building installer
ARCHIVE CONSISTENCY TEST: PASS

********************************************************************************
INTEGRITY CHECKS:
********************************************************************************
SQL FILE: 3.8MB
INSTALLER FILE: 73.48KB
ARCHIVE FILE: 49.02MB 
EXPECTED FILE/DIRECTORY COUNT: 9,221
ACTUAL FILE/DIRECTORY COUNT: 9,220
ARCHIVE CONSISTENCY TEST: Pass

********************************************************************************
RECORD ID:[2]
TOTAL PROCESS RUNTIME: 89.42 sec.
PEAK PHP MEMORY USED: 74MB
DONE PROCESSING => 20230717_keithloguefuneral July 19, 2023 4:35 am

